#
# There is insufficient memory for the Java Runtime Environment to continue.
# Native memory allocation (malloc) failed to allocate 2075216 bytes for Chunk::new
# Possible reasons:
#   The system is out of physical RAM or swap space
#   In 32 bit mode, the process size limit was hit
# Possible solutions:
#   Reduce memory load on the system
#   Increase physical memory or swap space
#   Check if swap backing store is full
#   Use 64 bit Java on a 64 bit OS
#   Decrease Java heap size (-Xmx/-Xms)
#   Decrease number of Java threads
#   Decrease Java thread stack sizes (-Xss)
#   Set larger code cache with -XX:ReservedCodeCacheSize=
# This output file may be truncated or incomplete.
#
#  Out of Memory Error (allocation.cpp:390), pid=3496, tid=4812
#
# JRE version: Java(TM) SE Runtime Environment (8.0_45-b14) (build 1.8.0_45-b14)
# Java VM: Java HotSpot(TM) 64-Bit Server VM (25.45-b02 mixed mode windows-amd64 compressed oops)
# Failed to write core dump. Minidumps are not enabled by default on client versions of Windows
#

---------------  T H R E A D  ---------------

Current thread (0x00000000143de000):  JavaThread "C2 CompilerThread0" daemon [_thread_in_native, id=4812, stack(0x0000000015940000,0x0000000015a40000)]

Stack: [0x0000000015940000,0x0000000015a40000]
Native frames: (J=compiled Java code, j=interpreted, Vv=VM code, C=native code)
V  [jvm.dll+0x32b57a]
V  [jvm.dll+0x279873]
V  [jvm.dll+0x27a509]
V  [jvm.dll+0x271825]
V  [jvm.dll+0xcb9e2]
V  [jvm.dll+0xcbeac]
V  [jvm.dll+0x49298c]
V  [jvm.dll+0x45f6ff]
V  [jvm.dll+0x46a73b]
V  [jvm.dll+0x46cd52]
V  [jvm.dll+0x4500f2]
V  [jvm.dll+0xa4352]
V  [jvm.dll+0xa4c8f]
V  [jvm.dll+0x241984]
V  [jvm.dll+0x29853a]
C  [msvcr100.dll+0x21d9f]
C  [msvcr100.dll+0x21e3b]
C  [KERNEL32.DLL+0x13d2]
C  [ntdll.dll+0x15454]


Current CompileTask:
C2:  22689 3061       4       clojure.lang.Compiler$ObjExpr::compile (1887 bytes)


---------------  P R O C E S S  ---------------

Java Threads: ( => current thread )
  0x000000001968e000 JavaThread "clojure-agent-send-off-pool-2" [_thread_in_native, id=636, stack(0x000000001dba0000,0x000000001dca0000)]
  0x00000000167d0800 JavaThread "clojure-agent-send-off-pool-1" [_thread_blocked, id=3516, stack(0x000000001b270000,0x000000001b370000)]
  0x0000000018b6d800 JavaThread "clojure-agent-send-off-pool-0" [_thread_in_native, id=736, stack(0x000000001a0b0000,0x000000001a1b0000)]
  0x0000000016b03800 JavaThread "Thread-0" daemon [_thread_in_native, id=1608, stack(0x0000000017c10000,0x0000000017d10000)]
  0x000000001443e000 JavaThread "Service Thread" daemon [_thread_blocked, id=6696, stack(0x0000000016040000,0x0000000016140000)]
  0x00000000143ed000 JavaThread "C1 CompilerThread2" daemon [_thread_blocked, id=3800, stack(0x0000000015b40000,0x0000000015c40000)]
  0x00000000143e0000 JavaThread "C2 CompilerThread1" daemon [_thread_blocked, id=6444, stack(0x0000000015a40000,0x0000000015b40000)]
=>0x00000000143de000 JavaThread "C2 CompilerThread0" daemon [_thread_in_native, id=4812, stack(0x0000000015940000,0x0000000015a40000)]
  0x00000000143dc000 JavaThread "Attach Listener" daemon [_thread_blocked, id=5632, stack(0x0000000015840000,0x0000000015940000)]
  0x00000000143db800 JavaThread "Signal Dispatcher" daemon [_thread_blocked, id=5140, stack(0x0000000015740000,0x0000000015840000)]
  0x0000000001ee8800 JavaThread "Finalizer" daemon [_thread_blocked, id=6664, stack(0x0000000015640000,0x0000000015740000)]
  0x0000000001ee0000 JavaThread "Reference Handler" daemon [_thread_blocked, id=5044, stack(0x0000000015540000,0x0000000015640000)]
  0x0000000001df3800 JavaThread "main" [_thread_in_native, id=5780, stack(0x0000000001c70000,0x0000000001d70000)]

Other Threads:
  0x00000000143a7800 VMThread [stack: 0x0000000015440000,0x0000000015540000] [id=6452]
  0x0000000015c74800 WatcherThread [stack: 0x0000000016140000,0x0000000016240000] [id=4836]

VM state:not at safepoint (normal execution)

VM Mutex/Monitor currently owned by a thread: None

Heap:
 PSYoungGen      total 232448K, used 124190K [0x00000000ebc00000, 0x00000000fc880000, 0x0000000100000000)
  eden space 226816K, 54% used [0x00000000ebc00000,0x00000000f3547a60,0x00000000f9980000)
  from space 5632K, 0% used [0x00000000fc300000,0x00000000fc300000,0x00000000fc880000)
  to   space 5632K, 0% used [0x00000000f9980000,0x00000000f9980000,0x00000000f9f00000)
 ParOldGen       total 39936K, used 26917K [0x00000000c3400000, 0x00000000c5b00000, 0x00000000ebc00000)
  object space 39936K, 67% used [0x00000000c3400000,0x00000000c4e49498,0x00000000c5b00000)
 Metaspace       used 28337K, capacity 37239K, committed 37376K, reserved 1075200K
  class space    used 7441K, capacity 10639K, committed 10752K, reserved 1048576K

Card table byte_map: [0x00000000112b0000,0x00000000114a0000] byte_map_base: 0x0000000010c96000

Marking Bits: (ParMarkBitMap*) 0x0000000053694040
 Begin Bits: [0x00000000119f0000, 0x0000000012920000)
 End Bits:   [0x0000000012920000, 0x0000000013850000)

Polling page: 0x00000000004c0000

CodeCache: size=245760Kb used=13635Kb max_used=13665Kb free=232124Kb
 bounds [0x0000000001ef0000, 0x0000000002c60000, 0x0000000010ef0000]
 total_blobs=3077 nmethods=2737 adapters=253
 compilation: enabled

Compilation events (10 events):
Event: 18.298 Thread 0x00000000143e0000 3070       4       clojure.lang.Compiler::registerKeyword (66 bytes)
Event: 18.363 Thread 0x00000000143e0000 nmethod 3070 0x0000000002b38c90 code [0x0000000002b39080, 0x0000000002b3ad00]
Event: 18.363 Thread 0x00000000143e0000 3072       4       java.lang.Long::stringSize (38 bytes)
Event: 18.365 Thread 0x00000000143e0000 nmethod 3072 0x0000000002b0b710 code [0x0000000002b0b840, 0x0000000002b0b9b8]
Event: 18.365 Thread 0x00000000143e0000 3073       4       java.lang.Number::<init> (5 bytes)
Event: 18.365 Thread 0x00000000143e0000 nmethod 3073 0x0000000002af1790 code [0x0000000002af18c0, 0x0000000002af1918]
Event: 18.365 Thread 0x00000000143e0000 3071       4       java.lang.Long::toString (52 bytes)
Event: 18.374 Thread 0x00000000143e0000 nmethod 3071 0x0000000002b360d0 code [0x0000000002b36240, 0x0000000002b36968]
Event: 18.374 Thread 0x00000000143e0000 3074       4       clojure.lang.PersistentHashMap$TransientHashMap::doPersistent (32 bytes)
Event: 18.376 Thread 0x00000000143e0000 nmethod 3074 0x0000000002b0b3d0 code [0x0000000002b0b520, 0x0000000002b0b658]

GC Heap History (10 events):
Event: 10.045 GC heap before
{Heap before GC invocations=16 (full 0):
 PSYoungGen      total 167936K, used 164992K [0x00000000ebc00000, 0x00000000f6480000, 0x0000000100000000)
  eden space 163328K, 100% used [0x00000000ebc00000,0x00000000f5b80000,0x00000000f5b80000)
  from space 4608K, 36% used [0x00000000f5b80000,0x00000000f5d20000,0x00000000f6000000)
  to   space 4608K, 0% used [0x00000000f6000000,0x00000000f6000000,0x00000000f6480000)
 ParOldGen       total 42496K, used 16437K [0x00000000c3400000, 0x00000000c5d80000, 0x00000000ebc00000)
  object space 42496K, 38% used [0x00000000c3400000,0x00000000c440d7e0,0x00000000c5d80000)
 Metaspace       used 16987K, capacity 19143K, committed 19328K, reserved 1064960K
  class space    used 3693K, capacity 4447K, committed 4480K, reserved 1048576K
Event: 10.054 GC heap after
Heap after GC invocations=16 (full 0):
 PSYoungGen      total 167936K, used 1344K [0x00000000ebc00000, 0x00000000f6480000, 0x0000000100000000)
  eden space 163328K, 0% used [0x00000000ebc00000,0x00000000ebc00000,0x00000000f5b80000)
  from space 4608K, 29% used [0x00000000f6000000,0x00000000f6150000,0x00000000f6480000)
  to   space 4608K, 0% used [0x00000000f5b80000,0x00000000f5b80000,0x00000000f6000000)
 ParOldGen       total 42496K, used 17981K [0x00000000c3400000, 0x00000000c5d80000, 0x00000000ebc00000)
  object space 42496K, 42% used [0x00000000c3400000,0x00000000c458f7e0,0x00000000c5d80000)
 Metaspace       used 16987K, capacity 19143K, committed 19328K, reserved 1064960K
  class space    used 3693K, capacity 4447K, committed 4480K, reserved 1048576K
}
Event: 11.198 GC heap before
{Heap before GC invocations=17 (full 0):
 PSYoungGen      total 167936K, used 127759K [0x00000000ebc00000, 0x00000000f6480000, 0x0000000100000000)
  eden space 163328K, 77% used [0x00000000ebc00000,0x00000000f3773f50,0x00000000f5b80000)
  from space 4608K, 29% used [0x00000000f6000000,0x00000000f6150000,0x00000000f6480000)
  to   space 4608K, 0% used [0x00000000f5b80000,0x00000000f5b80000,0x00000000f6000000)
 ParOldGen       total 42496K, used 17981K [0x00000000c3400000, 0x00000000c5d80000, 0x00000000ebc00000)
  object space 42496K, 42% used [0x00000000c3400000,0x00000000c458f7e0,0x00000000c5d80000)
 Metaspace       used 18279K, capacity 21263K, committed 21296K, reserved 1064960K
  class space    used 4149K, capacity 5247K, committed 5248K, reserved 1048576K
Event: 11.207 GC heap after
Heap after GC invocations=17 (full 0):
 PSYoungGen      total 167936K, used 1584K [0x00000000ebc00000, 0x00000000fa480000, 0x0000000100000000)
  eden space 163328K, 0% used [0x00000000ebc00000,0x00000000ebc00000,0x00000000f5b80000)
  from space 4608K, 34% used [0x00000000f5b80000,0x00000000f5d0c1f0,0x00000000f6000000)
  to   space 4608K, 0% used [0x00000000fa000000,0x00000000fa000000,0x00000000fa480000)
 ParOldGen       total 42496K, used 19245K [0x00000000c3400000, 0x00000000c5d80000, 0x00000000ebc00000)
  object space 42496K, 45% used [0x00000000c3400000,0x00000000c46cb7e0,0x00000000c5d80000)
 Metaspace       used 18279K, capacity 21263K, committed 21296K, reserved 1064960K
  class space    used 4149K, capacity 5247K, committed 5248K, reserved 1048576K
}
Event: 11.207 GC heap before
{Heap before GC invocations=18 (full 1):
 PSYoungGen      total 167936K, used 1584K [0x00000000ebc00000, 0x00000000fa480000, 0x0000000100000000)
  eden space 163328K, 0% used [0x00000000ebc00000,0x00000000ebc00000,0x00000000f5b80000)
  from space 4608K, 34% used [0x00000000f5b80000,0x00000000f5d0c1f0,0x00000000f6000000)
  to   space 4608K, 0% used [0x00000000fa000000,0x00000000fa000000,0x00000000fa480000)
 ParOldGen       total 42496K, used 19245K [0x00000000c3400000, 0x00000000c5d80000, 0x00000000ebc00000)
  object space 42496K, 45% used [0x00000000c3400000,0x00000000c46cb7e0,0x00000000c5d80000)
 Metaspace       used 18279K, capacity 21263K, committed 21296K, reserved 1064960K
  class space    used 4149K, capacity 5247K, committed 5248K, reserved 1048576K
Event: 11.338 GC heap after
Heap after GC invocations=18 (full 1):
 PSYoungGen      total 167936K, used 0K [0x00000000ebc00000, 0x00000000fa480000, 0x0000000100000000)
  eden space 163328K, 0% used [0x00000000ebc00000,0x00000000ebc00000,0x00000000f5b80000)
  from space 4608K, 0% used [0x00000000f5b80000,0x00000000f5b80000,0x00000000f6000000)
  to   space 4608K, 0% used [0x00000000fa000000,0x00000000fa000000,0x00000000fa480000)
 ParOldGen       total 39936K, used 16674K [0x00000000c3400000, 0x00000000c5b00000, 0x00000000ebc00000)
  object space 39936K, 41% used [0x00000000c3400000,0x00000000c4448970,0x00000000c5b00000)
 Metaspace       used 18279K, capacity 21263K, committed 21296K, reserved 1064960K
  class space    used 4149K, capacity 5247K, committed 5248K, reserved 1048576K
}
Event: 13.447 GC heap before
{Heap before GC invocations=19 (full 1):
 PSYoungGen      total 167936K, used 163328K [0x00000000ebc00000, 0x00000000fa480000, 0x0000000100000000)
  eden space 163328K, 100% used [0x00000000ebc00000,0x00000000f5b80000,0x00000000f5b80000)
  from space 4608K, 0% used [0x00000000f5b80000,0x00000000f5b80000,0x00000000f6000000)
  to   space 4608K, 0% used [0x00000000fa000000,0x00000000fa000000,0x00000000fa480000)
 ParOldGen       total 39936K, used 16674K [0x00000000c3400000, 0x00000000c5b00000, 0x00000000ebc00000)
  object space 39936K, 41% used [0x00000000c3400000,0x00000000c4448970,0x00000000c5b00000)
 Metaspace       used 20866K, capacity 25025K, committed 25216K, reserved 1069056K
  class space    used 4947K, capacity 6453K, committed 6528K, reserved 1048576K
Event: 13.470 GC heap after
Heap after GC invocations=19 (full 1):
 PSYoungGen      total 214016K, used 4576K [0x00000000ebc00000, 0x00000000fa480000, 0x0000000100000000)
  eden space 209408K, 0% used [0x00000000ebc00000,0x00000000ebc00000,0x00000000f8880000)
  from space 4608K, 99% used [0x00000000fa000000,0x00000000fa478020,0x00000000fa480000)
  to   space 5632K, 0% used [0x00000000f9980000,0x00000000f9980000,0x00000000f9f00000)
 ParOldGen       total 39936K, used 18074K [0x00000000c3400000, 0x00000000c5b00000, 0x00000000ebc00000)
  object space 39936K, 45% used [0x00000000c3400000,0x00000000c45a6a18,0x00000000c5b00000)
 Metaspace       used 20866K, capacity 25025K, committed 25216K, reserved 1069056K
  class space    used 4947K, capacity 6453K, committed 6528K, reserved 1048576K
}
Event: 16.668 GC heap before
{Heap before GC invocations=20 (full 1):
 PSYoungGen      total 214016K, used 213984K [0x00000000ebc00000, 0x00000000fa480000, 0x0000000100000000)
  eden space 209408K, 100% used [0x00000000ebc00000,0x00000000f8880000,0x00000000f8880000)
  from space 4608K, 99% used [0x00000000fa000000,0x00000000fa478020,0x00000000fa480000)
  to   space 5632K, 0% used [0x00000000f9980000,0x00000000f9980000,0x00000000f9f00000)
 ParOldGen       total 39936K, used 18074K [0x00000000c3400000, 0x00000000c5b00000, 0x00000000ebc00000)
  object space 39936K, 45% used [0x00000000c3400000,0x00000000c45a6a18,0x00000000c5b00000)
 Metaspace       used 23750K, capacity 29921K, committed 30080K, reserved 1071104K
  class space    used 5729K, capacity 8009K, committed 8064K, reserved 1048576K
Event: 16.678 GC heap after
Heap after GC invocations=20 (full 1):
 PSYoungGen      total 232448K, used 2082K [0x00000000ebc00000, 0x00000000fc880000, 0x0000000100000000)
  eden space 226816K, 0% used [0x00000000ebc00000,0x00000000ebc00000,0x00000000f9980000)
  from space 5632K, 36% used [0x00000000f9980000,0x00000000f9b888f8,0x00000000f9f00000)
  to   space 5632K, 0% used [0x00000000fc300000,0x00000000fc300000,0x00000000fc880000)
 ParOldGen       total 39936K, used 22616K [0x00000000c3400000, 0x00000000c5b00000, 0x00000000ebc00000)
  object space 39936K, 56% used [0x00000000c3400000,0x00000000c4a16328,0x00000000c5b00000)
 Metaspace       used 23750K, capacity 29921K, committed 30080K, reserved 1071104K
  class space    used 5729K, capacity 8009K, committed 8064K, reserved 1048576K
}

Deoptimization events (10 events):
Event: 15.688 Thread 0x0000000001df3800 Uncommon trap: reason=class_check action=maybe_recompile pc=0x00000000029e2bb0 method=clojure.lang.AFn.applyToHelper(Lclojure/lang/IFn;Lclojure/lang/ISeq;)Ljava/lang/Object; @ 2232
Event: 16.075 Thread 0x0000000001df3800 Uncommon trap: reason=bimorphic action=maybe_recompile pc=0x00000000023b69d8 method=java.util.regex.Matcher.match(II)Z @ 86
Event: 16.075 Thread 0x0000000001df3800 Uncommon trap: reason=bimorphic action=maybe_recompile pc=0x00000000023b69d8 method=java.util.regex.Matcher.match(II)Z @ 86
Event: 16.078 Thread 0x0000000001df3800 Uncommon trap: reason=bimorphic action=maybe_recompile pc=0x00000000023b69d8 method=java.util.regex.Matcher.match(II)Z @ 86
Event: 16.082 Thread 0x0000000001df3800 Uncommon trap: reason=bimorphic action=maybe_recompile pc=0x00000000023b69d8 method=java.util.regex.Matcher.match(II)Z @ 86
Event: 16.117 Thread 0x0000000001df3800 Uncommon trap: reason=class_check action=maybe_recompile pc=0x00000000029dd290 method=clojure.lang.AFn.applyToHelper(Lclojure/lang/IFn;Lclojure/lang/ISeq;)Ljava/lang/Object; @ 916
Event: 16.507 Thread 0x0000000001df3800 Uncommon trap: reason=class_check action=maybe_recompile pc=0x00000000029de4bc method=clojure.lang.AFn.applyToHelper(Lclojure/lang/IFn;Lclojure/lang/ISeq;)Ljava/lang/Object; @ 1590
Event: 16.995 Thread 0x0000000001df3800 Uncommon trap: reason=unstable_if action=reinterpret pc=0x00000000029c08e8 method=clojure.core$str.invoke(Ljava/lang/Object;)Ljava/lang/Object; @ 5
Event: 16.995 Thread 0x0000000001df3800 Uncommon trap: reason=unstable_if action=reinterpret pc=0x000000000239818c method=clojure.core$str.invoke(Ljava/lang/Object;)Ljava/lang/Object; @ 5
Event: 17.147 Thread 0x0000000001df3800 Uncommon trap: reason=class_check action=maybe_recompile pc=0x00000000021a125c method=java.lang.String.equals(Ljava/lang/Object;)Z @ 8

Internal exceptions (10 events):
Event: 3.989 Thread 0x0000000001df3800 Implicit null exception at 0x000000000220e44c to 0x000000000220e525
Event: 6.501 Thread 0x0000000001df3800 Implicit null exception at 0x000000000256772c to 0x00000000025679ed
Event: 9.751 Thread 0x00000000167d0800 Exception <a 'java/io/FileNotFoundException'> (0x00000000f039ed58) thrown at [C:\re\workspace\8-2-build-windows-amd64-cygwin\jdk8u45\3457\hotspot\src\share\vm\prims\jni.cpp, line 709]
Event: 9.751 Thread 0x00000000167d0800 Exception <a 'java/lang/reflect/InvocationTargetException'> (0x00000000f039f5c8) thrown at [C:\re\workspace\8-2-build-windows-amd64-cygwin\jdk8u45\3457\hotspot\src\share\vm\runtime\reflection.cpp, line 1080]
Event: 12.828 Thread 0x0000000001df3800 Implicit null exception at 0x00000000024338cf to 0x0000000002433ff5
Event: 13.950 Thread 0x0000000001df3800 Implicit null exception at 0x0000000002655ae7 to 0x000000000266177d
Event: 15.346 Thread 0x0000000001df3800 Implicit null exception at 0x00000000022ccc6b to 0x00000000022cdc21
Event: 15.359 Thread 0x0000000001df3800 Implicit null exception at 0x00000000020b862a to 0x00000000020b8871
Event: 15.421 Thread 0x0000000001df3800 Implicit null exception at 0x0000000002249c24 to 0x0000000002249cf5
Event: 15.422 Thread 0x0000000001df3800 Implicit null exception at 0x00000000021cd6d0 to 0x00000000021cd78a

Events (10 events):
Event: 18.336 loading class deps/cljfmt/v0v1v10/deps/rewrite_clj/v0v4v12/rewrite_clj/node/protocols/Node
Event: 18.336 loading class deps/cljfmt/v0v1v10/deps/rewrite_clj/v0v4v12/rewrite_clj/node/protocols/Node done
Event: 18.338 loading class deps/cljfmt/v0v1v10/deps/rewrite_clj/v0v4v12/rewrite_clj/node/protocols/Node
Event: 18.338 loading class deps/cljfmt/v0v1v10/deps/rewrite_clj/v0v4v12/rewrite_clj/node/protocols/Node done
Event: 18.341 loading class writer
Event: 18.341 loading class writer done
Event: 18.342 loading class writer
Event: 18.342 loading class writer done
Event: 18.350 loading class deps/cljfmt/v0v1v10/deps/rewrite_clj/v0v4v12/rewrite_clj/zip/edit__init
Event: 18.350 loading class deps/cljfmt/v0v1v10/deps/rewrite_clj/v0v4v12/rewrite_clj/zip/edit__init done


Dynamic libraries:
0x00007ff662c20000 - 0x00007ff662c57000 	C:\Program Files\Java\jre1.8.0_45\bin\java.exe
0x00007ff92a3f0000 - 0x00007ff92a59c000 	C:\Windows\SYSTEM32\ntdll.dll
0x00007ff926a00000 - 0x00007ff926b3e000 	C:\Windows\system32\KERNEL32.DLL
0x00007ff9265c0000 - 0x00007ff9266d5000 	C:\Windows\system32\KERNELBASE.dll
0x00007ff9248f0000 - 0x00007ff92497e000 	C:\Windows\system32\apphelp.dll
0x00007ff929c00000 - 0x00007ff929c53000 	C:\Windows\AppPatch\AppPatch64\AcGenral.DLL
0x00007ff926e00000 - 0x00007ff926eaa000 	C:\Windows\system32\msvcrt.dll
0x00007ff926090000 - 0x00007ff9260be000 	C:\Windows\SYSTEM32\SspiCli.dll
0x00007ff928ab0000 - 0x00007ff928b04000 	C:\Windows\system32\SHLWAPI.dll
0x00007ff928930000 - 0x00007ff928aa7000 	C:\Windows\system32\USER32.dll
0x00007ff928fc0000 - 0x00007ff929154000 	C:\Windows\system32\ole32.dll
0x00007ff926f60000 - 0x00007ff928478000 	C:\Windows\system32\SHELL32.dll
0x00007ff925820000 - 0x00007ff925841000 	C:\Windows\SYSTEM32\USERENV.dll
0x00007ff926eb0000 - 0x00007ff926f5a000 	C:\Windows\system32\ADVAPI32.dll
0x00007ff91df20000 - 0x00007ff91df3e000 	C:\Windows\SYSTEM32\MPR.dll
0x00007ff928e70000 - 0x00007ff928fb1000 	C:\Windows\system32\RPCRT4.dll
0x00007ff9288d0000 - 0x00007ff928929000 	C:\Windows\SYSTEM32\sechost.dll
0x00007ff926b50000 - 0x00007ff926d61000 	C:\Windows\SYSTEM32\combase.dll
0x00007ff928540000 - 0x00007ff928690000 	C:\Windows\system32\GDI32.dll
0x00007ff9262c0000 - 0x00007ff9262d5000 	C:\Windows\SYSTEM32\profapi.dll
0x00007ff924b80000 - 0x00007ff924c32000 	C:\Windows\SYSTEM32\SHCORE.dll
0x00007ff928690000 - 0x00007ff9286c6000 	C:\Windows\system32\IMM32.DLL
0x00007ff928b10000 - 0x00007ff928c61000 	C:\Windows\system32\MSCTF.dll
0x00007ff923c60000 - 0x00007ff923eda000 	C:\Windows\WinSxS\amd64_microsoft.windows.common-controls_6595b64144ccf1df_6.0.9600.17810_none_6240b9c7ecbd0bda\COMCTL32.dll
0x00007ff913280000 - 0x00007ff91330d000 	C:\Program Files (x86)\AVG\AVG2015\avghooka.dll
0x00000000539d0000 - 0x0000000053aa2000 	C:\Program Files\Java\jre1.8.0_45\bin\msvcr100.dll
0x0000000052e90000 - 0x0000000053713000 	C:\Program Files\Java\jre1.8.0_45\bin\server\jvm.dll
0x00007ff91f220000 - 0x00007ff91f229000 	C:\Windows\SYSTEM32\WSOCK32.dll
0x00007ff91fda0000 - 0x00007ff91fdc2000 	C:\Windows\SYSTEM32\WINMM.dll
0x00007ff9204c0000 - 0x00007ff9204ca000 	C:\Windows\SYSTEM32\VERSION.dll
0x00007ff926d80000 - 0x00007ff926d87000 	C:\Windows\system32\PSAPI.DLL
0x00007ff9267f0000 - 0x00007ff92684a000 	C:\Windows\system32\WS2_32.dll
0x00007ff91fd70000 - 0x00007ff91fd9a000 	C:\Windows\SYSTEM32\WINMMBASE.dll
0x00007ff926d90000 - 0x00007ff926d99000 	C:\Windows\system32\NSI.dll
0x00007ff926390000 - 0x00007ff9263df000 	C:\Windows\SYSTEM32\cfgmgr32.dll
0x00007ff9250c0000 - 0x00007ff9250e8000 	C:\Windows\SYSTEM32\DEVOBJ.dll
0x0000000053b70000 - 0x0000000053b7f000 	C:\Program Files\Java\jre1.8.0_45\bin\verify.dll
0x0000000053b40000 - 0x0000000053b69000 	C:\Program Files\Java\jre1.8.0_45\bin\java.dll
0x0000000053b20000 - 0x0000000053b36000 	C:\Program Files\Java\jre1.8.0_45\bin\zip.dll
0x0000000053b00000 - 0x0000000053b1a000 	C:\Program Files\Java\jre1.8.0_45\bin\net.dll
0x00007ff925a90000 - 0x00007ff925ae9000 	C:\Windows\system32\mswsock.dll
0x00007ff910560000 - 0x00007ff9106ea000 	C:\Windows\SYSTEM32\dbghelp.dll
0x00007ff925890000 - 0x00007ff925934000 	C:\Windows\SYSTEM32\DNSAPI.dll
0x00000000542d0000 - 0x00000000542f6000 	C:\Program Files\Bonjour\mdnsNSP.dll

VM Arguments:
jvm_args: -Dfile.encoding=UTF-8 -Dclojure.compile.path=E:\Alati i metode\master\target\classes -Dmaster.version=0.1.0-SNAPSHOT -Dclojure.debug=false 
java_command: clojure.main -i C:\Users\Vule\AppData\Local\Temp\form-init9117406836896238697.clj
java_class_path (initial): E:\Alati i metode\master\test;E:\Alati i metode\master\src;E:\Alati i metode\master\dev-resources;E:\Alati i metode\master\resources;E:\Alati i metode\master\target\classes;C:\Users\Vule\.m2\repository\ns-tracker\ns-tracker\0.2.1\ns-tracker-0.2.1.jar;C:\Users\Vule\.m2\repository\net\mikera\clojure-utils\0.6.2\clojure-utils-0.6.2.jar;C:\Users\Vule\.m2\repository\org\clojure\tools.macro\0.1.0\tools.macro-0.1.0.jar;C:\Users\Vule\.m2\repository\org\mindrot\jbcrypt\0.3m\jbcrypt-0.3m.jar;C:\Users\Vule\.m2\repository\org\clojure\tools.nrepl\0.2.10\tools.nrepl-0.2.10.jar;C:\Users\Vule\.m2\repository\org\tcrawley\dynapath\0.2.3\dynapath-0.2.3.jar;C:\Users\Vule\.m2\repository\net\mikera\imagez\0.8.0\imagez-0.8.0.jar;C:\Users\Vule\.m2\repository\org\clojure\java.classpath\0.2.0\java.classpath-0.2.0.jar;C:\Users\Vule\.m2\repository\watchtower\watchtower\0.1.1\watchtower-0.1.1.jar;C:\Users\Vule\.m2\repository\tigris\tigris\0.1.1\tigris-0.1.1.jar;C:\Users\Vule\.m2\repository\org\yaml\snakeyaml\1.5\snakeyaml-1.5.jar;C:\Users\Vule\.m2\repository\com\fasterxml\jackson\dataformat\jackson-dataformat-smile\2.3.1\jackson-dataformat-smile-2.3.1.jar;C:\Users\Vule\.m2\repository\clj-http\clj-http\0.6.0\clj-http-0.6.0.jar;C:\Users\Vule\.m2\repository\clojure-complete\clojure-complete\0.2.3\clojure-complete-0.2.3.jar;C:\Users\Vule\.m2\repository\clj-yaml\clj-yaml\0.4.0\clj-yaml-0.4.0.jar;C:\Users\Vule\.m2\repository\com\fasterxml\jackson\core\jackson-core\2.3.1\jackson-core-2.3.1.jar;C:\Users\Vule\.m2\repository\org\jsoup\jsoup\1.7.1\jsoup-1.7.1.jar;C:\Users\Vule\.m2\repository\cheshire\cheshire\5.3.1\cheshire-5.3.1.jar;C:\Users\Vule\.m2\repository\org\eclipse\jetty\jetty-server\7.6.8.v20121106\jetty-server-7.6.8.v20121106.jar;C:\Users\Vule\.m2\repository\org\clojure\core.cache\0.6.3\core.cache-0.6.3.jar;C:\Users\Vule\.m2\repository\org\eclipse\jetty\jetty-continuation\7.6.8.v20121106\jetty-continuation-7.6.8.v20121106.jar;C:\Users\Vule\.m2\repository\clj-stacktr
Launcher Type: SUN_STANDARD

Environment Variables:
PATH=C:/Program Files/Java/jre1.8.0_45/bin/server;C:/Program Files/Java/jre1.8.0_45/bin;C:/Program Files/Java/jre1.8.0_45/lib/amd64;C:\ProgramData\Oracle\Java\javapath;C:\Windows\system32;C:\Windows;C:\Windows\System32\Wbem;C:\Windows\System32\WindowsPowerShell\v1.0\;C:\Program Files (x86)\Skype\Phone\;C:\Program Files (x86)\Windows Kits\8.1\Windows Performance Toolkit\;C:\Program Files\Microsoft SQL Server\110\Tools\Binn\;C:\Program Files (x86)\Microsoft SDKs\TypeScript\1.0\;C:\Program Files (x86)\Microsoft SQL Server\110\Tools\Binn\;C:\Program Files\Microsoft SQL Server\110\DTS\Binn\;C:\Program Files (x86)\Microsoft SQL Server\110\Tools\Binn\ManagementStudio\;C:\Program Files (x86)\Microsoft SQL Server\110\DTS\Binn\;C:\Program Files (x86)\QuickTime\QTSystem\;C:\counterclockwise-0.34.0.STABLE001;
USERNAME=Vule
OS=Windows_NT
PROCESSOR_IDENTIFIER=Intel64 Family 6 Model 37 Stepping 5, GenuineIntel



---------------  S Y S T E M  ---------------

OS: Windows 8.1 , 64 bit Build 9600 (6.3.9600.17415)

CPU:total 4 (2 cores per cpu, 2 threads per core) family 6 model 37 stepping 5, cmov, cx8, fxsr, mmx, sse, sse2, sse3, ssse3, sse4.1, sse4.2, popcnt, aes, clmul, ht, tsc, tscinvbit

Memory: 4k page, physical 3980672k(511412k free), swap 7126400k(8924k free)

vm_info: Java HotSpot(TM) 64-Bit Server VM (25.45-b02) for windows-amd64 JRE (1.8.0_45-b14), built on Apr 10 2015 10:34:15 by "java_re" with MS VC++ 10.0 (VS2010)

time: Fri Sep 25 00:19:19 2015
elapsed time: 24 seconds (0d 0h 0m 24s)

